<?xml version="1.0" encoding="UTF-8"?>
<!-- Generated by org.testng.reporters.JUnitXMLReporter -->
<testsuite ignored="12" hostname="Storm_Rider" failures="0" tests="7" name="Test" time="76.697" errors="0" timestamp="2024-11-26T10:06:23 IST">
  <testcase classname="ess.CreateNewProductTest" name="createNewProduct" time="3.94"/>
  <testcase classname="ess.CreateNewVendorProposalTest" name="newVendorProposal" time="0.721"/>
  <testcase classname="ess.CreateNewSalesOrderTest" name="createSalesOrder" time="3.373"/>
  <testcase classname="ess.LoginToApplicationTest" name="loginToApplication" time="0.005"/>
  <testcase classname="ess.CreateThirdPartyTest" name="createThirdParties" time="2.113"/>
  <testcase classname="ess.CreateNewContactTest" name="createNewContact" time="2.633"/>
  <testcase classname="ess.CreateNewWareHouseTest" name="createNewWareHouse" time="2.357"/>
  <testcase classname="com.erp.ess.generic.baseutility.BaseClass" name="@BeforeSuite configBeforeSuite" time="0.0">
    <ignored/>
  </testcase> <!-- @BeforeSuite configBeforeSuite -->
  <testcase classname="com.erp.ess.generic.baseutility.BaseClass" name="@AfterSuite configAfterSuite" time="0.0">
    <ignored/>
  </testcase> <!-- @AfterSuite configAfterSuite -->
  <testcase classname="com.erp.ess.generic.baseutility.BaseClass" name="@BeforeSuite configBeforeSuite" time="0.0">
    <ignored/>
  </testcase> <!-- @BeforeSuite configBeforeSuite -->
  <testcase classname="com.erp.ess.generic.baseutility.BaseClass" name="@BeforeSuite configBeforeSuite" time="0.0">
    <ignored/>
  </testcase> <!-- @BeforeSuite configBeforeSuite -->
  <testcase classname="com.erp.ess.generic.baseutility.BaseClass" name="@AfterSuite configAfterSuite" time="0.0">
    <ignored/>
  </testcase> <!-- @AfterSuite configAfterSuite -->
  <testcase classname="com.erp.ess.generic.baseutility.BaseClass" name="@AfterSuite configAfterSuite" time="0.0">
    <ignored/>
  </testcase> <!-- @AfterSuite configAfterSuite -->
  <testcase classname="com.erp.ess.generic.baseutility.BaseClass" name="@AfterSuite configAfterSuite" time="0.0">
    <ignored/>
  </testcase> <!-- @AfterSuite configAfterSuite -->
  <testcase classname="com.erp.ess.generic.baseutility.BaseClass" name="@BeforeSuite configBeforeSuite" time="0.0">
    <ignored/>
  </testcase> <!-- @BeforeSuite configBeforeSuite -->
  <testcase classname="com.erp.ess.generic.baseutility.BaseClass" name="@AfterSuite configAfterSuite" time="0.0">
    <ignored/>
  </testcase> <!-- @AfterSuite configAfterSuite -->
  <testcase classname="com.erp.ess.generic.baseutility.BaseClass" name="@BeforeSuite configBeforeSuite" time="0.0">
    <ignored/>
  </testcase> <!-- @BeforeSuite configBeforeSuite -->
  <testcase classname="com.erp.ess.generic.baseutility.BaseClass" name="@BeforeSuite configBeforeSuite" time="0.0">
    <ignored/>
  </testcase> <!-- @BeforeSuite configBeforeSuite -->
  <testcase classname="com.erp.ess.generic.baseutility.BaseClass" name="@AfterSuite configAfterSuite" time="0.0">
    <ignored/>
  </testcase> <!-- @AfterSuite configAfterSuite -->
</testsuite> <!-- Test -->
